2025-08-17 21:10:28,326 | INFO | src.utils.cache | CACHE MISS {'dataset': 'merged', 'coin': 'bitcoin', 'days': 30, 'analyzer': 'vader', 'posts_choice': 'twitter/x', 'depends_on': ['58a35efe384ab5a5597e1a581e33128edf4523d6', 'dab8f50d8d193a5753d54dff52d1ec0e184c2a43']} -> 6b3359a4e5c9429e17069f54d7b61a76.csv
2025-08-17 21:10:28,328 | INFO | src.utils.cache | CACHE MISS {'dataset': 'merged', 'coin': 'bitcoin', 'days': 30, 'analyzer': 'vader', 'posts_choice': 'twitter/x', 'depends_on': ['58a35efe384ab5a5597e1a581e33128edf4523d6', 'dab8f50d8d193a5753d54dff52d1ec0e184c2a43']} -> 6b3359a4e5c9429e17069f54d7b61a76.csv
2025-08-17 21:10:28,329 | INFO | src.utils.helpers | Loaded CSV from: data/combined_sentiment.csv
2025-08-17 21:10:28,334 | INFO | src.utils.helpers | Loaded CSV from: D:\Projects\Crypto-tracker\Crypto-sentiment-tracker\data\bitcoin_prices.csv
2025-08-17 21:10:28,396 | INFO | src.utils.helpers | Loaded CSV from: D:\Projects\Crypto-tracker\Crypto-sentiment-tracker\data\bitcoin_merged.csv
2025-08-17 21:10:28,441 | INFO | src.utils.cache | CACHE MISS {'dataset': 'features', 'coin': 'bitcoin', 'days': 30, 'analyzer': 'vader', 'posts_choice': 'twitter/x', 'depends_on': ['fcf245b481bba7cf10f74316e680feefb095c419'], 'lag_min_s': -86400, 'lag_max_s': 86400, 'lag_step_s': 900, 'metric': 'pearson'} -> 6fb1392485338c67c1e26adaae45adf0.csv
2025-08-17 21:10:28,883 | INFO | src.utils.helpers | Loaded CSV from: D:\Projects\Crypto-tracker\Crypto-sentiment-tracker\data\bitcoin_merged.csv
2025-08-17 21:10:28,892 | INFO | src.utils.cache | CACHE HIT 6fb1392485338c67c1e26adaae45adf0.csv
2025-08-17 21:13:29,947 | INFO | src.utils.helpers | Loaded CSV from: D:\Projects\Crypto-tracker\Crypto-sentiment-tracker\data\bitcoin_merged.csv
2025-08-17 21:13:29,959 | INFO | src.utils.cache | CACHE HIT 6fb1392485338c67c1e26adaae45adf0.csv
2025-08-17 21:13:30,452 | INFO | src.utils.helpers | Loaded CSV from: D:\Projects\Crypto-tracker\Crypto-sentiment-tracker\data\bitcoin_merged.csv
2025-08-17 21:13:30,461 | INFO | src.utils.cache | CACHE HIT 6fb1392485338c67c1e26adaae45adf0.csv
2025-08-17 21:13:35,552 | INFO | src.utils.helpers | Loaded CSV from: D:\Projects\Crypto-tracker\Crypto-sentiment-tracker\data\bitcoin_merged.csv
2025-08-17 21:13:35,563 | INFO | src.utils.cache | CACHE HIT 6fb1392485338c67c1e26adaae45adf0.csv
2025-08-17 21:13:43,851 | INFO | src.utils.helpers | Loaded CSV from: D:\Projects\Crypto-tracker\Crypto-sentiment-tracker\data\bitcoin_merged.csv
2025-08-17 21:13:43,862 | INFO | src.utils.cache | CACHE HIT 6fb1392485338c67c1e26adaae45adf0.csv
2025-08-17 21:13:44,351 | INFO | src.utils.helpers | Loaded CSV from: D:\Projects\Crypto-tracker\Crypto-sentiment-tracker\data\bitcoin_merged.csv
2025-08-17 21:13:44,359 | INFO | src.utils.cache | CACHE HIT 6fb1392485338c67c1e26adaae45adf0.csv
2025-08-17 21:13:48,380 | INFO | src.utils.helpers | Loaded CSV from: D:\Projects\Crypto-tracker\Crypto-sentiment-tracker\data\bitcoin_merged.csv
2025-08-17 21:13:48,389 | INFO | src.utils.cache | CACHE HIT 6fb1392485338c67c1e26adaae45adf0.csv
2025-08-17 21:13:57,609 | INFO | src.utils.cache | CACHE MISS {'dataset': 'posts_reddit', 'coin': 'bitcoin', 'source': 'reddit', 'query': '(bitcoin or btc)', 'start_date': '2025-07-18T19:13:57', 'end_date': '2025-08-17T19:13:57', 'num_posts': 200} -> 56a7d45187ffcf1a30e47938664f2aeb.csv
2025-08-17 21:13:57,612 | INFO | src.scraping.reddit_scraper | Fetching Reddit posts with query='(bitcoin OR BTC)', limit=200, subs=['CryptoCurrency', 'CryptoCurrencyTrading', 'CryptoMarkets', 'Bitcoin']
2025-08-17 21:14:02,470 | INFO | src.scraping.reddit_scraper | Fetched 200 posts for query='(bitcoin OR BTC)' from ['CryptoCurrency', 'CryptoCurrencyTrading', 'CryptoMarkets', 'Bitcoin']
2025-08-17 21:14:02,521 | INFO | src.utils.cache | CACHE MISS {'dataset': 'posts_twitter', 'coin': 'bitcoin', 'source': 'twitter', 'query': 'btc', 'start_date': '2025-07-18T19:13:57', 'end_date': '2025-08-17T19:13:57', 'num_posts': 200} -> d3437348966baf5b6ed576de6b92ac8e.csv
2025-08-17 21:15:38,296 | WARNING | root | News sentiment will not be included
2025-08-17 21:15:38,321 | INFO | src.utils.cache | CACHE MISS {'dataset': 'sentiment', 'coin': 'bitcoin', 'source': 'reddit', 'analyzer': 'vader', 'input_sha1': 'a9a7c001963cb6b5c16e09919e2e3fb5c0a0c5a1'} -> bc1a8cd9c36d8fb7177107edff8c38c8.csv
2025-08-17 21:15:38,322 | INFO | src.utils.helpers | Loaded CSV from: data/bitcoin_reddit_posts.csv
2025-08-17 21:15:38,638 | INFO | src.sentiment.analyzer | Sentiment added using VADER. Saved to D:\Projects\Crypto-tracker\Crypto-sentiment-tracker\data\bitcoin_reddit_sentiment.csv. Total records: 200
2025-08-17 21:15:38,686 | INFO | src.utils.cache | CACHE MISS {'dataset': 'sentiment', 'coin': 'bitcoin', 'source': 'twitter', 'analyzer': 'vader', 'input_sha1': '3edda8e07c780caef76cbef4a6ca7bcc52ac4408'} -> 46ae8f300e705cfe0bfc6f4dceb30eed.csv
2025-08-17 21:15:38,687 | INFO | src.utils.helpers | Loaded CSV from: data/bitcoin_twitter_posts.csv
2025-08-17 21:15:38,851 | INFO | src.sentiment.analyzer | Sentiment added using VADER. Saved to D:\Projects\Crypto-tracker\Crypto-sentiment-tracker\data\bitcoin_twitter_sentiment.csv. Total records: 200
2025-08-17 21:15:38,889 | INFO | src.utils.helpers | Loaded CSV from: D:\Projects\Crypto-tracker\Crypto-sentiment-tracker\data\bitcoin_sentiment.csv
2025-08-17 21:15:38,898 | INFO | src.utils.helpers | Loaded CSV from: D:\Projects\Crypto-tracker\Crypto-sentiment-tracker\data\bitcoin_twitter_sentiment.csv
2025-08-17 21:15:38,951 | INFO | src.utils.cache | CACHE MISS {'dataset': 'price', 'coin': 'bitcoin', 'days': 30} -> 54658b7381788874b7c464225255fae9.csv
2025-08-17 21:15:39,314 | INFO | src.utils.cache | CACHE MISS {'dataset': 'merged', 'coin': 'bitcoin', 'days': 30, 'analyzer': 'vader', 'posts_choice': 'all', 'depends_on': ['0f15232a19b7afbd2b79033be21d9935c84ef6d0', 'c5f5cc17299da5e4e0c776afd5236db875750cdd']} -> e3b0b0988bcf4916099cba798ddf81a6.csv
2025-08-17 21:15:39,316 | INFO | src.utils.cache | CACHE MISS {'dataset': 'merged', 'coin': 'bitcoin', 'days': 30, 'analyzer': 'vader', 'posts_choice': 'all', 'depends_on': ['0f15232a19b7afbd2b79033be21d9935c84ef6d0', 'c5f5cc17299da5e4e0c776afd5236db875750cdd']} -> e3b0b0988bcf4916099cba798ddf81a6.csv
2025-08-17 21:15:39,317 | INFO | src.utils.helpers | Loaded CSV from: data/combined_sentiment.csv
2025-08-17 21:15:39,324 | INFO | src.utils.helpers | Loaded CSV from: D:\Projects\Crypto-tracker\Crypto-sentiment-tracker\data\bitcoin_prices.csv
2025-08-17 21:15:39,388 | INFO | src.utils.helpers | Loaded CSV from: D:\Projects\Crypto-tracker\Crypto-sentiment-tracker\data\bitcoin_merged.csv
2025-08-17 21:15:39,438 | INFO | src.utils.cache | CACHE MISS {'dataset': 'features', 'coin': 'bitcoin', 'days': 30, 'analyzer': 'vader', 'posts_choice': 'all', 'depends_on': ['c392a4358f911bcd074b097de77463ba51d434a5'], 'lag_min_s': -86400, 'lag_max_s': 86400, 'lag_step_s': 900, 'metric': 'pearson'} -> 03c167af852643c239413a722c02dd51.csv
2025-08-17 21:15:39,879 | INFO | src.utils.helpers | Loaded CSV from: D:\Projects\Crypto-tracker\Crypto-sentiment-tracker\data\bitcoin_merged.csv
2025-08-17 21:15:39,888 | INFO | src.utils.cache | CACHE HIT 03c167af852643c239413a722c02dd51.csv
2025-08-17 21:16:05,600 | INFO | src.utils.helpers | Loaded CSV from: D:\Projects\Crypto-tracker\Crypto-sentiment-tracker\data\bitcoin_merged.csv
2025-08-17 21:16:05,613 | INFO | src.utils.cache | CACHE HIT 03c167af852643c239413a722c02dd51.csv
2025-08-17 21:16:08,281 | INFO | src.utils.helpers | Loaded CSV from: D:\Projects\Crypto-tracker\Crypto-sentiment-tracker\data\bitcoin_merged.csv
2025-08-17 21:16:08,294 | INFO | src.utils.cache | CACHE HIT 03c167af852643c239413a722c02dd51.csv
2025-08-17 21:16:12,223 | INFO | src.utils.cache | CACHE MISS {'dataset': 'posts_reddit', 'coin': 'bitcoin', 'source': 'reddit', 'query': '(bitcoin or btc)', 'start_date': '2025-07-18T19:16:12', 'end_date': '2025-08-17T19:16:12', 'num_posts': 500} -> c30bf351519098d565080b63ae08cd2e.csv
2025-08-17 21:16:12,226 | INFO | src.scraping.reddit_scraper | Fetching Reddit posts with query='(bitcoin OR BTC)', limit=500, subs=['CryptoCurrency', 'CryptoCurrencyTrading', 'CryptoMarkets', 'Bitcoin']
2025-08-17 21:16:24,125 | INFO | src.scraping.reddit_scraper | Fetched 500 posts for query='(bitcoin OR BTC)' from ['CryptoCurrency', 'CryptoCurrencyTrading', 'CryptoMarkets', 'Bitcoin']
2025-08-17 21:16:24,182 | WARNING | root | News sentiment will not be included
2025-08-17 21:16:24,199 | INFO | src.utils.cache | CACHE MISS {'dataset': 'sentiment', 'coin': 'bitcoin', 'source': 'reddit', 'analyzer': 'vader', 'input_sha1': '1f3d31057373ac0c3465484674cb4ab0fc881c36'} -> 67277ba1d759a2751a75e3810aa144d6.csv
2025-08-17 21:16:24,199 | INFO | src.utils.helpers | Loaded CSV from: data/bitcoin_reddit_posts.csv
2025-08-17 21:16:24,744 | INFO | src.sentiment.analyzer | Sentiment added using VADER. Saved to D:\Projects\Crypto-tracker\Crypto-sentiment-tracker\data\bitcoin_reddit_sentiment.csv. Total records: 500
2025-08-17 21:16:24,766 | WARNING | root | Twitter sentiment will not be included
2025-08-17 21:16:24,770 | INFO | src.utils.helpers | Loaded CSV from: D:\Projects\Crypto-tracker\Crypto-sentiment-tracker\data\bitcoin_sentiment.csv
2025-08-17 21:16:24,786 | INFO | src.utils.cache | CACHE HIT 54658b7381788874b7c464225255fae9.csv
2025-08-17 21:16:24,853 | INFO | src.utils.cache | CACHE MISS {'dataset': 'merged', 'coin': 'bitcoin', 'days': 30, 'analyzer': 'vader', 'posts_choice': 'reddit', 'depends_on': ['07e8a907c152f26a410f107a11bb78cbb0ece94d', '62b6396f4a977057b49ee0aea5ec7cebf3f595f9']} -> 75650e1526eca92d15083e478e818155.csv
2025-08-17 21:16:24,855 | INFO | src.utils.cache | CACHE MISS {'dataset': 'merged', 'coin': 'bitcoin', 'days': 30, 'analyzer': 'vader', 'posts_choice': 'reddit', 'depends_on': ['07e8a907c152f26a410f107a11bb78cbb0ece94d', '62b6396f4a977057b49ee0aea5ec7cebf3f595f9']} -> 75650e1526eca92d15083e478e818155.csv
2025-08-17 21:16:24,856 | INFO | src.utils.helpers | Loaded CSV from: data/combined_sentiment.csv
2025-08-17 21:16:24,862 | INFO | src.utils.helpers | Loaded CSV from: D:\Projects\Crypto-tracker\Crypto-sentiment-tracker\data\bitcoin_prices.csv
2025-08-17 21:16:24,939 | INFO | src.utils.helpers | Loaded CSV from: D:\Projects\Crypto-tracker\Crypto-sentiment-tracker\data\bitcoin_merged.csv
2025-08-17 21:16:25,005 | INFO | src.utils.cache | CACHE MISS {'dataset': 'features', 'coin': 'bitcoin', 'days': 30, 'analyzer': 'vader', 'posts_choice': 'reddit', 'depends_on': ['2cdb72bc6771a98aaac7cb02409876e6468fc030'], 'lag_min_s': -86400, 'lag_max_s': 86400, 'lag_step_s': 900, 'metric': 'pearson'} -> 120a6448ae7accf8f9dc7a268529117c.csv
2025-08-17 21:16:25,362 | INFO | src.utils.helpers | Loaded CSV from: D:\Projects\Crypto-tracker\Crypto-sentiment-tracker\data\bitcoin_merged.csv
2025-08-17 21:16:25,370 | INFO | src.utils.cache | CACHE HIT 120a6448ae7accf8f9dc7a268529117c.csv
2025-08-17 21:16:27,601 | INFO | src.utils.helpers | Loaded CSV from: D:\Projects\Crypto-tracker\Crypto-sentiment-tracker\data\bitcoin_merged.csv
2025-08-17 21:16:27,610 | INFO | src.utils.cache | CACHE HIT 120a6448ae7accf8f9dc7a268529117c.csv
2025-08-17 21:17:42,365 | INFO | src.utils.helpers | Loaded CSV from: D:\Projects\Crypto-tracker\Crypto-sentiment-tracker\data\bitcoin_merged.csv
2025-08-17 21:17:42,376 | INFO | src.utils.cache | CACHE HIT 120a6448ae7accf8f9dc7a268529117c.csv
2025-08-17 21:17:46,101 | INFO | src.utils.helpers | Loaded CSV from: D:\Projects\Crypto-tracker\Crypto-sentiment-tracker\data\bitcoin_merged.csv
2025-08-17 21:17:46,110 | INFO | src.utils.cache | CACHE HIT 120a6448ae7accf8f9dc7a268529117c.csv
2025-08-18 10:26:43,298 | INFO | src.utils.cache | CACHE MISS {'dataset': 'posts_reddit', 'coin': 'bitcoin', 'source': 'reddit', 'query': '(bitcoin or btc)', 'start_date': '2025-07-19T08:26:43', 'end_date': '2025-08-18T08:26:43', 'num_posts': 300} -> 31e62a4887edf226d3cac32632d20049.csv
2025-08-18 10:26:43,301 | INFO | src.scraping.reddit_scraper | Fetching Reddit posts with query='(bitcoin OR BTC)', limit=300, subs=['CryptoCurrency', 'CryptoCurrencyTrading', 'CryptoMarkets', 'Bitcoin']
2025-08-18 10:26:50,123 | INFO | src.scraping.reddit_scraper | Fetched 300 posts for query='(bitcoin OR BTC)' from ['CryptoCurrency', 'CryptoCurrencyTrading', 'CryptoMarkets', 'Bitcoin']
2025-08-18 10:26:50,202 | WARNING | root | News sentiment will not be included
2025-08-18 10:26:50,240 | INFO | src.utils.cache | CACHE MISS {'dataset': 'sentiment', 'coin': 'bitcoin', 'source': 'reddit', 'analyzer': 'vader', 'input_sha1': '8c52f1012747c141d931b4ab116eca39102de170'} -> c48fd639df6c5bead3a634ffadf74a99.csv
2025-08-18 10:26:50,241 | INFO | src.utils.helpers | Loaded CSV from: data/bitcoin_reddit_posts.csv
2025-08-18 10:26:50,518 | INFO | src.sentiment.analyzer | Sentiment added using VADER. Saved to D:\Projects\Crypto-tracker\Crypto-sentiment-tracker\data\bitcoin_reddit_sentiment.csv. Total records: 300
2025-08-18 10:26:50,535 | WARNING | root | Twitter sentiment will not be included
2025-08-18 10:26:50,538 | INFO | src.utils.helpers | Loaded CSV from: D:\Projects\Crypto-tracker\Crypto-sentiment-tracker\data\bitcoin_sentiment.csv
2025-08-18 10:26:50,573 | INFO | src.utils.cache | CACHE STALE
2025-08-18 10:26:50,819 | INFO | src.utils.cache | CACHE MISS {'dataset': 'merged', 'coin': 'bitcoin', 'days': 30, 'analyzer': 'vader', 'posts_choice': 'reddit', 'depends_on': ['06514d1dc0de669baabf08342877d1bfc2470551', '07e8a907c152f26a410f107a11bb78cbb0ece94d']} -> 8fc750de04abce60a70019fbf61d57e9.csv
2025-08-18 10:26:50,822 | INFO | src.utils.cache | CACHE MISS {'dataset': 'merged', 'coin': 'bitcoin', 'days': 30, 'analyzer': 'vader', 'posts_choice': 'reddit', 'depends_on': ['06514d1dc0de669baabf08342877d1bfc2470551', '07e8a907c152f26a410f107a11bb78cbb0ece94d']} -> 8fc750de04abce60a70019fbf61d57e9.csv
2025-08-18 10:26:50,822 | INFO | src.utils.helpers | Loaded CSV from: data/combined_sentiment.csv
2025-08-18 10:26:50,826 | INFO | src.utils.helpers | Loaded CSV from: D:\Projects\Crypto-tracker\Crypto-sentiment-tracker\data\bitcoin_prices.csv
2025-08-18 10:26:50,892 | INFO | src.utils.helpers | Loaded CSV from: D:\Projects\Crypto-tracker\Crypto-sentiment-tracker\data\bitcoin_merged.csv
2025-08-18 10:26:50,932 | INFO | src.utils.cache | CACHE HIT 120a6448ae7accf8f9dc7a268529117c.csv
2025-08-18 10:26:50,949 | INFO | src.utils.helpers | Loaded CSV from: D:\Projects\Crypto-tracker\Crypto-sentiment-tracker\data\bitcoin_merged.csv
2025-08-18 10:26:50,957 | INFO | src.utils.cache | CACHE HIT 120a6448ae7accf8f9dc7a268529117c.csv
2025-08-18 10:51:42,343 | INFO | src.utils.cache | CACHE MISS {'dataset': 'posts_reddit', 'coin': 'bitcoin', 'source': 'reddit', 'query': '(bitcoin or btc)', 'start_date': '2025-08-17T08:51:42', 'end_date': '2025-08-18T08:51:42', 'num_posts': 300} -> 46c7f45d879ac349ef475479130efba9.csv
2025-08-18 10:51:42,346 | INFO | src.scraping.reddit_scraper | Fetching Reddit posts with query='(bitcoin OR BTC)', limit=300, subs=['CryptoCurrency', 'CryptoCurrencyTrading', 'CryptoMarkets', 'Bitcoin']
2025-08-18 10:51:48,394 | INFO | src.scraping.reddit_scraper | Fetched 56 posts for query='(bitcoin OR BTC)' from ['CryptoCurrency', 'CryptoCurrencyTrading', 'CryptoMarkets', 'Bitcoin']
2025-08-18 10:51:48,412 | INFO | src.utils.cache | CACHE MISS {'dataset': 'posts_twitter', 'coin': 'bitcoin', 'source': 'twitter', 'query': 'btc', 'start_date': '2025-08-17T08:51:42', 'end_date': '2025-08-18T08:51:42', 'num_posts': 300} -> 31fd1a7257c115c6c97ea6dca59c3d3e.csv
2025-08-18 11:20:45,182 | INFO | src.utils.cache | CACHE MISS {'dataset': 'posts_reddit', 'coin': 'bitcoin', 'source': 'reddit', 'query': '(bitcoin or btc)', 'start_date': '2025-07-19T09:20:45', 'end_date': '2025-08-18T09:20:45', 'num_posts': 500} -> 3e84a382245764323cf1c0dce3f715d0.csv
2025-08-18 11:20:45,185 | INFO | src.scraping.reddit_scraper | Fetching Reddit posts with query='(bitcoin OR BTC)', limit=500, subs=['CryptoCurrency', 'CryptoCurrencyTrading', 'CryptoMarkets', 'Bitcoin', 'BitcoinMarkets', 'btc']
2025-08-18 11:20:56,536 | INFO | src.scraping.reddit_scraper | Fetched 500 posts for query='(bitcoin OR BTC)' from ['CryptoCurrency', 'CryptoCurrencyTrading', 'CryptoMarkets', 'Bitcoin', 'BitcoinMarkets', 'btc']
2025-08-18 11:20:56,609 | INFO | src.utils.cache | CACHE MISS {'dataset': 'posts_twitter', 'coin': 'bitcoin', 'source': 'twitter', 'query': 'btc', 'start_date': '2025-07-19T09:20:45', 'end_date': '2025-08-18T09:20:45', 'num_posts': 500} -> 6efaf77312a37b7fcb6be696f91e5ae3.csv
2025-08-18 11:24:23,959 | WARNING | root | News sentiment will not be included
2025-08-18 11:24:23,999 | INFO | src.utils.cache | CACHE MISS {'dataset': 'sentiment', 'coin': 'bitcoin', 'source': 'reddit', 'analyzer': 'all', 'input_sha1': 'e2dabcce43153365f8cb38ebba383ebe492db86a'} -> 504e58d961d6b724da836b3cda2ac134.csv
2025-08-18 11:24:24,000 | INFO | src.utils.helpers | Loaded CSV from: data/bitcoin_reddit_posts.csv
2025-08-18 11:27:23,681 | INFO | src.sentiment.analyzer | Sentiment added using All. Saved to D:\Projects\Crypto-tracker\Crypto-sentiment-tracker\data\bitcoin_reddit_sentiment.csv. Total records: 500
2025-08-18 11:27:23,739 | INFO | src.utils.cache | CACHE MISS {'dataset': 'sentiment', 'coin': 'bitcoin', 'source': 'twitter', 'analyzer': 'all', 'input_sha1': '85c3afa6d97348df3a36e22aef7cf9889dee0e03'} -> b2495e0c9752a505146ada048a439944.csv
2025-08-18 11:27:23,740 | INFO | src.utils.helpers | Loaded CSV from: data/bitcoin_twitter_posts.csv
2025-08-18 11:29:11,786 | INFO | src.sentiment.analyzer | Sentiment added using All. Saved to D:\Projects\Crypto-tracker\Crypto-sentiment-tracker\data\bitcoin_twitter_sentiment.csv. Total records: 500
2025-08-18 11:29:11,814 | INFO | src.utils.helpers | Loaded CSV from: D:\Projects\Crypto-tracker\Crypto-sentiment-tracker\data\bitcoin_sentiment.csv
2025-08-18 11:29:11,818 | INFO | src.utils.helpers | Loaded CSV from: D:\Projects\Crypto-tracker\Crypto-sentiment-tracker\data\bitcoin_twitter_sentiment.csv
2025-08-18 11:29:11,900 | INFO | src.utils.cache | CACHE STALE
2025-08-18 11:29:12,145 | INFO | src.utils.cache | CACHE MISS {'dataset': 'merged', 'coin': 'bitcoin', 'days': 30, 'analyzer': 'all', 'posts_choice': 'all', 'depends_on': ['2872a1a89e5309fd3f7e052a239c3b225e0b9453', '2af45ad5a9fd3c6209f8bc4432fbf437b2dfa0e3']} -> 9c8cb43fb22073d4c150ed376dd19027.csv
2025-08-18 11:29:12,147 | INFO | src.utils.cache | CACHE MISS {'dataset': 'merged', 'coin': 'bitcoin', 'days': 30, 'analyzer': 'all', 'posts_choice': 'all', 'depends_on': ['2872a1a89e5309fd3f7e052a239c3b225e0b9453', '2af45ad5a9fd3c6209f8bc4432fbf437b2dfa0e3']} -> 9c8cb43fb22073d4c150ed376dd19027.csv
2025-08-18 11:29:12,147 | INFO | src.utils.helpers | Loaded CSV from: data/combined_sentiment.csv
2025-08-18 11:29:12,157 | INFO | src.utils.helpers | Loaded CSV from: D:\Projects\Crypto-tracker\Crypto-sentiment-tracker\data\bitcoin_prices.csv
2025-08-18 11:29:12,250 | INFO | src.utils.helpers | Loaded CSV from: D:\Projects\Crypto-tracker\Crypto-sentiment-tracker\data\bitcoin_merged.csv
2025-08-18 11:29:12,312 | INFO | src.utils.cache | CACHE MISS {'dataset': 'features', 'coin': 'bitcoin', 'days': 30, 'analyzer': 'all', 'posts_choice': 'all', 'depends_on': ['cd673c832e167a9e29cc9d2e825eea1c1fe8f2b1'], 'lag_min_s': -86400, 'lag_max_s': 86400, 'lag_step_s': 900, 'metric': 'pearson'} -> 2fa55c61c960ceca66dcf0a54dea2ecc.csv
2025-08-18 11:29:12,790 | INFO | src.utils.helpers | Loaded CSV from: D:\Projects\Crypto-tracker\Crypto-sentiment-tracker\data\bitcoin_merged.csv
2025-08-18 11:29:12,809 | INFO | src.utils.cache | CACHE HIT 2fa55c61c960ceca66dcf0a54dea2ecc.csv
2025-08-18 11:42:28,361 | INFO | src.utils.cache | CACHE MISS {'dataset': 'posts_reddit', 'coin': 'bitcoin', 'source': 'reddit', 'query': '(bitcoin or btc)', 'start_date': '2025-08-17T09:42:28', 'end_date': '2025-08-18T09:42:28', 'num_posts': 100} -> 5f555d14f2e529398019ccf6ef324552.csv
2025-08-18 11:42:28,364 | INFO | src.scraping.reddit_scraper | Fetching Reddit posts with query='(bitcoin OR BTC)', limit=100, subs=['CryptoCurrency', 'CryptoCurrencyTrading', 'CryptoMarkets', 'Bitcoin']
2025-08-18 11:42:34,265 | INFO | src.scraping.reddit_scraper | Fetched 60 posts for query='(bitcoin OR BTC)' from ['CryptoCurrency', 'CryptoCurrencyTrading', 'CryptoMarkets', 'Bitcoin']
2025-08-18 11:42:34,303 | INFO | src.utils.cache | CACHE MISS {'dataset': 'posts_twitter', 'coin': 'bitcoin', 'source': 'twitter', 'query': 'btc', 'start_date': '2025-08-17T09:42:28', 'end_date': '2025-08-18T09:42:28', 'num_posts': 100} -> 7f5039df303d823bf39336bf92be892c.csv
2025-08-18 11:43:27,767 | WARNING | root | News sentiment will not be included
2025-08-18 11:43:27,786 | INFO | src.utils.cache | CACHE MISS {'dataset': 'sentiment', 'coin': 'bitcoin', 'source': 'reddit', 'analyzer': 'vader', 'input_sha1': '5e4e38c8a289e45fa71ff476025e60f81a58a50a'} -> 213c6510262d252461ea07972ecb6ede.csv
2025-08-18 11:43:27,786 | INFO | src.utils.helpers | Loaded CSV from: data/bitcoin_reddit_posts.csv
2025-08-18 11:43:27,893 | INFO | src.sentiment.analyzer | Sentiment added using VADER. Saved to D:\Projects\Crypto-tracker\Crypto-sentiment-tracker\data\bitcoin_reddit_sentiment.csv. Total records: 60
2025-08-18 11:43:27,925 | INFO | src.utils.cache | CACHE MISS {'dataset': 'sentiment', 'coin': 'bitcoin', 'source': 'twitter', 'analyzer': 'vader', 'input_sha1': '007fd82d2269c1fd6d0955698fc6b991b24319fc'} -> 8da256df615b115e336c70ba30428585.csv
2025-08-18 11:43:27,926 | INFO | src.utils.helpers | Loaded CSV from: data/bitcoin_twitter_posts.csv
2025-08-18 11:43:27,990 | INFO | src.sentiment.analyzer | Sentiment added using VADER. Saved to D:\Projects\Crypto-tracker\Crypto-sentiment-tracker\data\bitcoin_twitter_sentiment.csv. Total records: 100
2025-08-18 11:43:28,006 | INFO | src.utils.helpers | Loaded CSV from: D:\Projects\Crypto-tracker\Crypto-sentiment-tracker\data\bitcoin_sentiment.csv
2025-08-18 11:43:28,011 | INFO | src.utils.helpers | Loaded CSV from: D:\Projects\Crypto-tracker\Crypto-sentiment-tracker\data\bitcoin_twitter_sentiment.csv
2025-08-18 11:43:28,046 | INFO | src.utils.cache | CACHE MISS {'dataset': 'price', 'coin': 'bitcoin', 'days': 1} -> 0edd9d3a9daff40ce1c22fd1c2b2027d.csv
2025-08-18 11:43:28,331 | INFO | src.utils.cache | CACHE MISS {'dataset': 'merged', 'coin': 'bitcoin', 'days': 1, 'analyzer': 'vader', 'posts_choice': 'all', 'depends_on': ['ad0ee8066a60c91a492d0389bf91ff0315de205c', 'c1d96591443189c528433455973ed654ea78be7f']} -> 808f1152721a0015e03431ae191c8c87.csv
2025-08-18 11:43:28,333 | INFO | src.utils.cache | CACHE MISS {'dataset': 'merged', 'coin': 'bitcoin', 'days': 1, 'analyzer': 'vader', 'posts_choice': 'all', 'depends_on': ['ad0ee8066a60c91a492d0389bf91ff0315de205c', 'c1d96591443189c528433455973ed654ea78be7f']} -> 808f1152721a0015e03431ae191c8c87.csv
2025-08-18 11:43:28,334 | INFO | src.utils.helpers | Loaded CSV from: data/combined_sentiment.csv
2025-08-18 11:43:28,340 | INFO | src.utils.helpers | Loaded CSV from: D:\Projects\Crypto-tracker\Crypto-sentiment-tracker\data\bitcoin_prices.csv
2025-08-18 11:43:28,408 | INFO | src.utils.helpers | Loaded CSV from: D:\Projects\Crypto-tracker\Crypto-sentiment-tracker\data\bitcoin_merged.csv
2025-08-18 11:43:28,462 | INFO | src.utils.cache | CACHE MISS {'dataset': 'features', 'coin': 'bitcoin', 'days': 1, 'analyzer': 'vader', 'posts_choice': 'all', 'depends_on': ['8cf52742536d6d61a1d6b97efbdbe98b31ff32a2'], 'lag_min_s': -86400, 'lag_max_s': 86400, 'lag_step_s': 900, 'metric': 'pearson'} -> bcfdc41e5a1eda26940aaafca146af92.csv
2025-08-18 11:43:28,914 | INFO | src.utils.helpers | Loaded CSV from: D:\Projects\Crypto-tracker\Crypto-sentiment-tracker\data\bitcoin_merged.csv
2025-08-18 11:43:28,921 | INFO | src.utils.cache | CACHE HIT bcfdc41e5a1eda26940aaafca146af92.csv
2025-08-18 12:00:16,183 | INFO | src.utils.cache | CACHE MISS {'dataset': 'posts_reddit', 'coin': 'bitcoin', 'source': 'reddit', 'query': '(bitcoin or btc)', 'start_date': '2025-07-19T10:00:16', 'end_date': '2025-08-18T10:00:16', 'num_posts': 500} -> 04566589e33e979d29ed222e15292a58.csv
2025-08-18 12:00:16,185 | INFO | src.scraping.reddit_scraper | Fetching Reddit posts with query='(bitcoin OR BTC)', limit=500, subs=['CryptoCurrency', 'CryptoCurrencyTrading', 'CryptoMarkets', 'Bitcoin', 'BitcoinMarkets', 'btc']
2025-08-18 12:00:28,176 | INFO | src.scraping.reddit_scraper | Fetched 500 posts for query='(bitcoin OR BTC)' from ['CryptoCurrency', 'CryptoCurrencyTrading', 'CryptoMarkets', 'Bitcoin', 'BitcoinMarkets', 'btc']
2025-08-18 12:00:28,240 | INFO | src.utils.cache | CACHE MISS {'dataset': 'posts_twitter', 'coin': 'bitcoin', 'source': 'twitter', 'query': 'btc', 'start_date': '2025-07-19T10:00:16', 'end_date': '2025-08-18T10:00:16', 'num_posts': 500} -> 673ce77238a7f5e5268e6fc601497b03.csv
2025-08-18 12:03:46,613 | WARNING | root | News sentiment will not be included
2025-08-18 12:03:46,647 | INFO | src.utils.cache | CACHE MISS {'dataset': 'sentiment', 'coin': 'bitcoin', 'source': 'reddit', 'analyzer': 'vader', 'input_sha1': '2687eba0592f53177c454eeccb63a40715515f9a'} -> 662a98dbc8e9bf68bc9374240e2df6ae.csv
2025-08-18 12:03:46,648 | INFO | src.utils.helpers | Loaded CSV from: data/bitcoin_reddit_posts.csv
2025-08-18 12:03:47,192 | INFO | src.sentiment.analyzer | Sentiment added using VADER. Saved to D:\Projects\Crypto-tracker\Crypto-sentiment-tracker\data\bitcoin_reddit_sentiment.csv. Total records: 500
2025-08-18 12:03:47,235 | INFO | src.utils.cache | CACHE MISS {'dataset': 'sentiment', 'coin': 'bitcoin', 'source': 'twitter', 'analyzer': 'vader', 'input_sha1': '49cde359531d681cdca24a1728d2849576046f86'} -> 965862e347bb92c1029bdfa941c0056f.csv
2025-08-18 12:03:47,236 | INFO | src.utils.helpers | Loaded CSV from: data/bitcoin_twitter_posts.csv
2025-08-18 12:03:47,490 | INFO | src.sentiment.analyzer | Sentiment added using VADER. Saved to D:\Projects\Crypto-tracker\Crypto-sentiment-tracker\data\bitcoin_twitter_sentiment.csv. Total records: 500
2025-08-18 12:03:47,520 | INFO | src.utils.helpers | Loaded CSV from: D:\Projects\Crypto-tracker\Crypto-sentiment-tracker\data\bitcoin_reddit_sentiment.csv
2025-08-18 12:03:47,569 | INFO | src.utils.helpers | Loaded CSV from: D:\Projects\Crypto-tracker\Crypto-sentiment-tracker\data\bitcoin_twitter_sentiment.csv
2025-08-18 12:03:47,637 | INFO | src.utils.cache | CACHE STALE
2025-08-18 12:03:48,005 | INFO | src.utils.cache | CACHE MISS {'dataset': 'merged', 'coin': 'bitcoin', 'days': 30, 'analyzer': 'vader', 'posts_choice': 'all', 'depends_on': ['81cf30a9feec32d2bd667f9cb73695508f47de7b', 'bd734aa999e3b6f95e8916c0b613965619b84a5c']} -> 07996929b8108e41b65164887c4ee7d6.csv
2025-08-18 12:03:48,007 | INFO | src.utils.cache | CACHE MISS {'dataset': 'merged', 'coin': 'bitcoin', 'days': 30, 'analyzer': 'vader', 'posts_choice': 'all', 'depends_on': ['81cf30a9feec32d2bd667f9cb73695508f47de7b', 'bd734aa999e3b6f95e8916c0b613965619b84a5c']} -> 07996929b8108e41b65164887c4ee7d6.csv
2025-08-18 12:03:48,008 | INFO | src.utils.helpers | Loaded CSV from: data/combined_sentiment.csv
2025-08-18 12:03:48,025 | INFO | src.utils.helpers | Loaded CSV from: D:\Projects\Crypto-tracker\Crypto-sentiment-tracker\data\bitcoin_prices.csv
2025-08-18 12:03:48,123 | INFO | src.utils.helpers | Loaded CSV from: D:\Projects\Crypto-tracker\Crypto-sentiment-tracker\data\bitcoin_merged.csv
2025-08-18 12:03:48,185 | INFO | src.utils.cache | CACHE MISS {'dataset': 'features', 'coin': 'bitcoin', 'days': 30, 'analyzer': 'vader', 'posts_choice': 'all', 'depends_on': ['be83c2569385c90847f518fa223b2cb1ec4d52e4'], 'lag_min_s': -86400, 'lag_max_s': 86400, 'lag_step_s': 900, 'metric': 'pearson'} -> 7d5f4f4fb3ea2d2ae5dad398ee02d733.csv
2025-08-18 12:03:48,802 | INFO | src.utils.helpers | Loaded CSV from: D:\Projects\Crypto-tracker\Crypto-sentiment-tracker\data\bitcoin_merged.csv
2025-08-18 12:03:48,815 | INFO | src.utils.cache | CACHE HIT 7d5f4f4fb3ea2d2ae5dad398ee02d733.csv
2025-08-18 12:12:29,182 | INFO | src.utils.cache | CACHE MISS {'dataset': 'posts_reddit', 'coin': 'bitcoin', 'source': 'reddit', 'query': '(bitcoin or btc)', 'start_date': '2025-07-19T10:12:29', 'end_date': '2025-08-18T10:12:29', 'num_posts': 500} -> 02cba9f37aa9e978e0554c451daed212.csv
2025-08-18 12:12:29,185 | INFO | src.scraping.reddit_scraper | Fetching Reddit posts with query='(bitcoin OR BTC)', limit=500, subs=['CryptoCurrency', 'CryptoCurrencyTrading', 'CryptoMarkets', 'Bitcoin', 'BitcoinMarkets', 'btc']
2025-08-18 12:12:39,695 | INFO | src.scraping.reddit_scraper | Fetched 500 posts for query='(bitcoin OR BTC)' from ['CryptoCurrency', 'CryptoCurrencyTrading', 'CryptoMarkets', 'Bitcoin', 'BitcoinMarkets', 'btc']
2025-08-18 12:12:39,745 | INFO | src.utils.cache | CACHE MISS {'dataset': 'posts_twitter', 'coin': 'bitcoin', 'source': 'twitter', 'query': 'btc', 'start_date': '2025-07-19T10:12:29', 'end_date': '2025-08-18T10:12:29', 'num_posts': 500} -> b241221f2e6236cd883dcb0dc84dd1f6.csv
2025-08-18 12:16:00,306 | WARNING | root | News sentiment will not be included
2025-08-18 12:16:00,345 | INFO | src.utils.cache | CACHE MISS {'dataset': 'sentiment', 'coin': 'bitcoin', 'source': 'reddit', 'analyzer': 'vader', 'input_sha1': '1b53d5adaa34e684ff9786e157ab7cbffb3e8aa2'} -> cdb7d302ff7899fc2d1d1596c3f5de7a.csv
2025-08-18 12:16:00,346 | INFO | src.utils.helpers | Loaded CSV from: data/bitcoin_reddit_posts.csv
2025-08-18 12:16:00,871 | INFO | src.sentiment.analyzer | Sentiment added using VADER. Saved to D:\Projects\Crypto-tracker\Crypto-sentiment-tracker\data\bitcoin_reddit_sentiment.csv. Total records: 500
2025-08-18 12:16:00,907 | INFO | src.utils.cache | CACHE MISS {'dataset': 'sentiment', 'coin': 'bitcoin', 'source': 'twitter', 'analyzer': 'vader', 'input_sha1': 'c4c5ec41c227f5066e8ac07e5ceca7ebfe23aad5'} -> 7410620125d9cb9f1361f57aaaf5676a.csv
2025-08-18 12:16:00,908 | INFO | src.utils.helpers | Loaded CSV from: data/bitcoin_twitter_posts.csv
2025-08-18 12:16:01,130 | INFO | src.sentiment.analyzer | Sentiment added using VADER. Saved to D:\Projects\Crypto-tracker\Crypto-sentiment-tracker\data\bitcoin_twitter_sentiment.csv. Total records: 500
2025-08-18 12:16:01,149 | INFO | src.utils.helpers | Loaded CSV from: D:\Projects\Crypto-tracker\Crypto-sentiment-tracker\data\bitcoin_reddit_sentiment.csv
2025-08-18 12:16:01,200 | INFO | src.utils.helpers | Loaded CSV from: D:\Projects\Crypto-tracker\Crypto-sentiment-tracker\data\bitcoin_twitter_sentiment.csv
2025-08-18 12:16:01,274 | INFO | src.utils.cache | CACHE MISS {'dataset': 'price', 'coin': 'bitcoin', 'days': 30} -> 54658b7381788874b7c464225255fae9.csv
2025-08-18 12:16:01,537 | INFO | src.utils.cache | CACHE MISS {'dataset': 'merged', 'coin': 'bitcoin', 'days': 30, 'analyzer': 'vader', 'posts_choice': 'all', 'depends_on': ['6af92be2cc27e173fa7e9c330bcea0e9ceae7398', 'c1b323355a7e15eb07187d0fa79ed96120e77d16']} -> ebe2e40967a4397cf926f556886ea748.csv
2025-08-18 12:16:01,539 | INFO | src.utils.cache | CACHE MISS {'dataset': 'merged', 'coin': 'bitcoin', 'days': 30, 'analyzer': 'vader', 'posts_choice': 'all', 'depends_on': ['6af92be2cc27e173fa7e9c330bcea0e9ceae7398', 'c1b323355a7e15eb07187d0fa79ed96120e77d16']} -> ebe2e40967a4397cf926f556886ea748.csv
2025-08-18 12:16:01,540 | INFO | src.utils.helpers | Loaded CSV from: data/combined_sentiment.csv
2025-08-18 12:16:01,560 | INFO | src.utils.helpers | Loaded CSV from: D:\Projects\Crypto-tracker\Crypto-sentiment-tracker\data\bitcoin_prices.csv
2025-08-18 12:16:01,646 | INFO | src.utils.helpers | Loaded CSV from: D:\Projects\Crypto-tracker\Crypto-sentiment-tracker\data\bitcoin_merged.csv
2025-08-18 12:16:01,708 | INFO | src.utils.cache | CACHE MISS {'dataset': 'features', 'coin': 'bitcoin', 'days': 30, 'analyzer': 'vader', 'posts_choice': 'all', 'depends_on': ['3fe2939a4dd05e2eeb6ab20a28743df0f5006050'], 'lag_min_s': -86400, 'lag_max_s': 86400, 'lag_step_s': 900, 'metric': 'pearson'} -> 80526a7b916464412b1802b6e261acdb.csv
2025-08-18 12:16:02,192 | INFO | src.utils.helpers | Loaded CSV from: D:\Projects\Crypto-tracker\Crypto-sentiment-tracker\data\bitcoin_merged.csv
2025-08-18 12:16:02,210 | INFO | src.utils.cache | CACHE HIT 80526a7b916464412b1802b6e261acdb.csv
2025-08-18 12:23:49,829 | INFO | src.utils.cache | CACHE MISS {'dataset': 'posts_reddit', 'coin': 'bitcoin', 'source': 'reddit', 'query': '(bitcoin or btc)', 'start_date': '2025-07-19T10:23:49', 'end_date': '2025-08-18T10:23:49', 'num_posts': 500} -> 7bdd7ebaf8ef36f07a1c45aed414b6a1.csv
2025-08-18 12:23:49,831 | INFO | src.scraping.reddit_scraper | Fetching Reddit posts with query='(bitcoin OR BTC)', limit=500, subs=['CryptoCurrency', 'CryptoCurrencyTrading', 'CryptoMarkets', 'Bitcoin']
2025-08-18 12:24:01,372 | INFO | src.scraping.reddit_scraper | Fetched 500 posts for query='(bitcoin OR BTC)' from ['CryptoCurrency', 'CryptoCurrencyTrading', 'CryptoMarkets', 'Bitcoin']
2025-08-18 12:24:01,438 | INFO | src.utils.cache | CACHE MISS {'dataset': 'posts_twitter', 'coin': 'bitcoin', 'source': 'twitter', 'query': 'btc', 'start_date': '2025-07-19T10:23:49', 'end_date': '2025-08-18T10:23:49', 'num_posts': 500} -> f21ec58cf39d822833df4146a800f1ca.csv
2025-08-18 12:27:32,073 | WARNING | root | News sentiment will not be included
2025-08-18 12:27:32,162 | INFO | src.utils.cache | CACHE MISS {'dataset': 'sentiment', 'coin': 'bitcoin', 'source': 'reddit', 'analyzer': 'vader', 'input_sha1': 'a616d44bc1977156420241545c3e0ef56c0f42ed'} -> 7285b4233168dbab42d0683ddc418c45.csv
2025-08-18 12:27:32,163 | INFO | src.utils.helpers | Loaded CSV from: data/bitcoin_reddit_posts.csv
2025-08-18 12:27:33,571 | INFO | src.sentiment.analyzer | Sentiment added using VADER. Saved to D:\Projects\Crypto-tracker\Crypto-sentiment-tracker\data\bitcoin_reddit_sentiment.csv. Total records: 500
2025-08-18 12:27:33,659 | INFO | src.utils.cache | CACHE MISS {'dataset': 'sentiment', 'coin': 'bitcoin', 'source': 'twitter', 'analyzer': 'vader', 'input_sha1': '6daef8012ce985cc35b84674d883a4f33be3d318'} -> ab1d6b469ef902d7a4a63fc2a0905aef.csv
2025-08-18 12:27:33,663 | INFO | src.utils.helpers | Loaded CSV from: data/bitcoin_twitter_posts.csv
2025-08-18 12:27:34,367 | INFO | src.sentiment.analyzer | Sentiment added using VADER. Saved to D:\Projects\Crypto-tracker\Crypto-sentiment-tracker\data\bitcoin_twitter_sentiment.csv. Total records: 500
2025-08-18 12:27:34,443 | INFO | src.utils.helpers | Loaded CSV from: D:\Projects\Crypto-tracker\Crypto-sentiment-tracker\data\bitcoin_reddit_sentiment.csv
2025-08-18 12:27:34,630 | INFO | src.utils.helpers | Loaded CSV from: D:\Projects\Crypto-tracker\Crypto-sentiment-tracker\data\bitcoin_twitter_sentiment.csv
2025-08-18 12:27:34,756 | INFO | src.utils.cache | CACHE HIT 54658b7381788874b7c464225255fae9.csv
2025-08-18 12:27:34,966 | INFO | src.utils.cache | CACHE MISS {'dataset': 'merged', 'coin': 'bitcoin', 'days': 30, 'analyzer': 'vader', 'posts_choice': 'all', 'depends_on': ['c98f4a157d19039f43963c3565b2bf946a3c6d33', 'd4cdd8007de28c75fad5c6ab6438e51414cf4461']} -> 2a92c2d922f359d51d0160ba6870c08a.csv
2025-08-18 12:27:34,973 | INFO | src.utils.cache | CACHE MISS {'dataset': 'merged', 'coin': 'bitcoin', 'days': 30, 'analyzer': 'vader', 'posts_choice': 'all', 'depends_on': ['c98f4a157d19039f43963c3565b2bf946a3c6d33', 'd4cdd8007de28c75fad5c6ab6438e51414cf4461']} -> 2a92c2d922f359d51d0160ba6870c08a.csv
2025-08-18 12:27:34,975 | INFO | src.utils.helpers | Loaded CSV from: data/combined_sentiment.csv
2025-08-18 12:27:35,018 | INFO | src.utils.helpers | Loaded CSV from: D:\Projects\Crypto-tracker\Crypto-sentiment-tracker\data\bitcoin_prices.csv
2025-08-18 12:27:35,236 | INFO | src.utils.helpers | Loaded CSV from: D:\Projects\Crypto-tracker\Crypto-sentiment-tracker\data\bitcoin_merged.csv
2025-08-18 12:27:35,384 | INFO | src.utils.cache | CACHE MISS {'dataset': 'features', 'coin': 'bitcoin', 'days': 30, 'analyzer': 'vader', 'posts_choice': 'all', 'depends_on': ['f865785e7f0ba44171fd67376f98c2128c26d2e5'], 'lag_min_s': -86400, 'lag_max_s': 86400, 'lag_step_s': 900, 'metric': 'pearson'} -> c68b931eec6e3207f9546db5917b6337.csv
2025-08-18 12:27:37,234 | INFO | src.utils.helpers | Loaded CSV from: D:\Projects\Crypto-tracker\Crypto-sentiment-tracker\data\bitcoin_merged.csv
2025-08-18 12:27:37,268 | INFO | src.utils.cache | CACHE HIT c68b931eec6e3207f9546db5917b6337.csv
2025-08-18 12:49:50,465 | INFO | src.utils.cache | CACHE MISS {'dataset': 'posts_reddit', 'coin': 'bitcoin', 'source': 'reddit', 'query': '(bitcoin or btc)', 'start_date': '2025-07-19T10:49:50', 'end_date': '2025-08-18T10:49:50', 'num_posts': 400, 'subreddits': ['bitcoin', 'cryptocurrency', 'cryptocurrencytrading', 'cryptomarkets'], 'tz': 'utc'} -> d1322816b2f89820c401ef24f4b3a1c9.csv
2025-08-18 12:49:50,468 | INFO | src.scraping.reddit_scraper | Fetching Reddit posts with query='(bitcoin OR BTC)', limit=400, subs=['CryptoCurrency', 'CryptoCurrencyTrading', 'CryptoMarkets', 'Bitcoin']
2025-08-18 12:49:58,693 | INFO | src.scraping.reddit_scraper | Fetched 400 posts for query='(bitcoin OR BTC)' from ['CryptoCurrency', 'CryptoCurrencyTrading', 'CryptoMarkets', 'Bitcoin']
2025-08-18 12:49:58,741 | INFO | src.utils.cache | CACHE MISS {'dataset': 'posts_twitter', 'coin': 'bitcoin', 'source': 'twitter', 'query': 'btc', 'start_date': '2025-07-19T10:49:50', 'end_date': '2025-08-18T10:49:50', 'num_posts': 400, 'tz': 'utc'} -> 9a5eebe24192b4df2ae29b749f420c0c.csv
2025-08-18 12:52:43,205 | WARNING | root | News sentiment will not be included
2025-08-18 12:52:43,239 | INFO | src.utils.cache | CACHE MISS {'dataset': 'sentiment', 'coin': 'bitcoin', 'source': 'reddit', 'analyzer': 'vader', 'input_sha1': '59c1a57918dca64b9cbec6223706d3d59dc5eed0'} -> 4031c92fa9348b07a846ea2b290a1777.csv
2025-08-18 12:52:43,240 | INFO | src.utils.helpers | Loaded CSV from: data/bitcoin_reddit_posts.csv
2025-08-18 12:52:43,646 | INFO | src.sentiment.analyzer | Sentiment added using VADER. Saved to D:\Projects\Crypto-tracker\Crypto-sentiment-tracker\data\bitcoin_reddit_sentiment.csv. Total records: 400
2025-08-18 12:52:43,685 | INFO | src.utils.cache | CACHE MISS {'dataset': 'sentiment', 'coin': 'bitcoin', 'source': 'twitter', 'analyzer': 'vader', 'input_sha1': '7d989269c1cbda0887aa04e4b6e6fc14efafd50e'} -> 69cd0760eca76e3d60902446033f4602.csv
2025-08-18 12:52:43,685 | INFO | src.utils.helpers | Loaded CSV from: data/bitcoin_twitter_posts.csv
2025-08-18 12:52:43,885 | INFO | src.sentiment.analyzer | Sentiment added using VADER. Saved to D:\Projects\Crypto-tracker\Crypto-sentiment-tracker\data\bitcoin_twitter_sentiment.csv. Total records: 400
2025-08-18 12:52:43,906 | INFO | src.utils.helpers | Loaded CSV from: D:\Projects\Crypto-tracker\Crypto-sentiment-tracker\data\bitcoin_reddit_sentiment.csv
2025-08-18 12:52:43,957 | INFO | src.utils.helpers | Loaded CSV from: D:\Projects\Crypto-tracker\Crypto-sentiment-tracker\data\bitcoin_twitter_sentiment.csv
2025-08-18 12:52:44,010 | INFO | src.utils.cache | CACHE MISS {'dataset': 'price', 'coin': 'bitcoin', 'days': 30} -> 54658b7381788874b7c464225255fae9.csv
2025-08-18 12:52:44,402 | INFO | src.utils.cache | CACHE MISS {'dataset': 'merged', 'coin': 'bitcoin', 'days': 30, 'analyzer': 'vader', 'posts_choice': 'all', 'depends_on': ['29d950169480009da8435616630c832b6a61954e', 'bb825fed2cb379f69efaf4deb7cbb4517ea3b354']} -> 95820a6ef51f4d383eafffeec4c85337.csv
2025-08-18 12:52:44,404 | INFO | src.utils.cache | CACHE MISS {'dataset': 'merged', 'coin': 'bitcoin', 'days': 30, 'analyzer': 'vader', 'posts_choice': 'all', 'depends_on': ['29d950169480009da8435616630c832b6a61954e', 'bb825fed2cb379f69efaf4deb7cbb4517ea3b354']} -> 95820a6ef51f4d383eafffeec4c85337.csv
2025-08-18 12:52:44,405 | INFO | src.utils.helpers | Loaded CSV from: data/combined_sentiment.csv
2025-08-18 12:52:44,421 | INFO | src.utils.helpers | Loaded CSV from: D:\Projects\Crypto-tracker\Crypto-sentiment-tracker\data\bitcoin_prices.csv
2025-08-18 12:52:44,502 | INFO | src.utils.helpers | Loaded CSV from: D:\Projects\Crypto-tracker\Crypto-sentiment-tracker\data\bitcoin_merged.csv
2025-08-18 12:52:44,545 | INFO | src.utils.cache | CACHE MISS {'dataset': 'features', 'coin': 'bitcoin', 'days': 30, 'analyzer': 'vader', 'posts_choice': 'all', 'depends_on': ['1de04ebd87d292e105b9b1c948d6fcbf07015ff8'], 'lag_min_s': -86400, 'lag_max_s': 86400, 'lag_step_s': 900, 'metric': 'pearson'} -> f4dbbc8824bc0844293d9a64729ee84c.csv
2025-08-18 12:52:45,032 | INFO | src.utils.helpers | Loaded CSV from: D:\Projects\Crypto-tracker\Crypto-sentiment-tracker\data\bitcoin_merged.csv
2025-08-18 12:52:45,047 | INFO | src.utils.cache | CACHE HIT f4dbbc8824bc0844293d9a64729ee84c.csv
2025-08-18 13:05:24,821 | INFO | src.utils.cache | CACHE MISS {'dataset': 'posts_reddit', 'coin': 'bitcoin', 'source': 'reddit', 'query': '(bitcoin or btc)', 'start_date': '2025-08-11T11:05:24', 'end_date': '2025-08-18T11:05:24', 'num_posts': 400, 'subreddits': ['bitcoin', 'cryptocurrency', 'cryptocurrencytrading', 'cryptomarkets'], 'tz': 'utc'} -> 29ddaeb142ea5d93c77f85710c2b3443.csv
2025-08-18 13:05:24,824 | INFO | src.scraping.reddit_scraper | Fetching Reddit posts with query='(bitcoin OR BTC)', limit=400, subs=['CryptoCurrency', 'CryptoCurrencyTrading', 'CryptoMarkets', 'Bitcoin']
2025-08-18 13:05:36,461 | INFO | src.scraping.reddit_scraper | Fetched 400 posts for query='(bitcoin OR BTC)' from ['CryptoCurrency', 'CryptoCurrencyTrading', 'CryptoMarkets', 'Bitcoin']
2025-08-18 13:05:36,512 | INFO | src.utils.cache | CACHE MISS {'dataset': 'posts_twitter', 'coin': 'bitcoin', 'source': 'twitter', 'query': 'btc', 'start_date': '2025-08-11T11:05:24', 'end_date': '2025-08-18T11:05:24', 'num_posts': 400, 'tz': 'utc'} -> d187ce1da0eaa7a9bbb86cebd549ab18.csv
2025-08-18 13:08:27,301 | WARNING | root | News sentiment will not be included
2025-08-18 13:08:27,318 | INFO | src.utils.cache | CACHE MISS {'dataset': 'sentiment', 'coin': 'bitcoin', 'source': 'reddit', 'analyzer': 'vader', 'input_sha1': '3edeccef7d05fc9c21d9ea716fa6c24a3a8b0195'} -> 3557ac3646077938be3db61f3a0e5a82.csv
2025-08-18 13:08:27,318 | INFO | src.utils.helpers | Loaded CSV from: data/bitcoin_reddit_posts.csv
2025-08-18 13:08:27,672 | INFO | src.sentiment.analyzer | Sentiment added using VADER. Saved to D:\Projects\Crypto-tracker\Crypto-sentiment-tracker\data\bitcoin_reddit_sentiment.csv. Total records: 400
2025-08-18 13:08:27,708 | INFO | src.utils.cache | CACHE MISS {'dataset': 'sentiment', 'coin': 'bitcoin', 'source': 'twitter', 'analyzer': 'vader', 'input_sha1': '58cb858618cdea7d87850ed630d43ef2ebdab464'} -> 44b8068084c9c16beb67d3875f7768c3.csv
2025-08-18 13:08:27,708 | INFO | src.utils.helpers | Loaded CSV from: data/bitcoin_twitter_posts.csv
2025-08-18 13:08:27,890 | INFO | src.sentiment.analyzer | Sentiment added using VADER. Saved to D:\Projects\Crypto-tracker\Crypto-sentiment-tracker\data\bitcoin_twitter_sentiment.csv. Total records: 400
2025-08-18 13:08:27,910 | INFO | src.utils.helpers | Loaded CSV from: D:\Projects\Crypto-tracker\Crypto-sentiment-tracker\data\bitcoin_reddit_sentiment.csv
2025-08-18 13:08:27,946 | INFO | src.utils.helpers | Loaded CSV from: D:\Projects\Crypto-tracker\Crypto-sentiment-tracker\data\bitcoin_twitter_sentiment.csv
2025-08-18 13:08:27,999 | INFO | src.utils.cache | CACHE MISS {'dataset': 'price', 'coin': 'bitcoin', 'days': 7} -> 0a2b0f4e46d6fc6c16b077317f022599.csv
2025-08-18 13:08:28,290 | INFO | src.utils.cache | CACHE MISS {'dataset': 'merged', 'coin': 'bitcoin', 'days': 7, 'analyzer': 'vader', 'posts_choice': 'all', 'depends_on': ['6c8eb85ccdd339f5a29c47b3cd1ae10126f97494', '70c9e26283e37c9998ddd55c3c63eca0e9f4672b']} -> 136cbfdd80635ecb81befc413c1ba51d.csv
2025-08-18 13:08:28,292 | INFO | src.utils.cache | CACHE MISS {'dataset': 'merged', 'coin': 'bitcoin', 'days': 7, 'analyzer': 'vader', 'posts_choice': 'all', 'depends_on': ['6c8eb85ccdd339f5a29c47b3cd1ae10126f97494', '70c9e26283e37c9998ddd55c3c63eca0e9f4672b']} -> 136cbfdd80635ecb81befc413c1ba51d.csv
2025-08-18 13:08:28,292 | INFO | src.utils.helpers | Loaded CSV from: data/combined_sentiment.csv
2025-08-18 13:08:28,307 | INFO | src.utils.helpers | Loaded CSV from: D:\Projects\Crypto-tracker\Crypto-sentiment-tracker\data\bitcoin_prices.csv
2025-08-18 13:08:28,390 | INFO | src.utils.helpers | Loaded CSV from: D:\Projects\Crypto-tracker\Crypto-sentiment-tracker\data\bitcoin_merged.csv
2025-08-18 13:08:28,440 | INFO | src.utils.cache | CACHE MISS {'dataset': 'features', 'coin': 'bitcoin', 'days': 7, 'analyzer': 'vader', 'posts_choice': 'all', 'depends_on': ['692bd13d188a782f85ade1279c01b0277a4dd3e6'], 'lag_min_s': -86400, 'lag_max_s': 86400, 'lag_step_s': 900, 'metric': 'pearson'} -> ea1efb643292fe5e152a058487b473eb.csv
2025-08-18 13:08:28,818 | INFO | src.utils.helpers | Loaded CSV from: D:\Projects\Crypto-tracker\Crypto-sentiment-tracker\data\bitcoin_merged.csv
2025-08-18 13:08:28,839 | INFO | src.utils.cache | CACHE HIT ea1efb643292fe5e152a058487b473eb.csv
2025-08-18 13:13:23,884 | INFO | src.utils.cache | CACHE MISS {'dataset': 'posts_reddit', 'coin': 'bitcoin', 'source': 'reddit', 'query': '(bitcoin or btc)', 'start_date': '2025-07-19T11:13:23', 'end_date': '2025-08-18T11:13:23', 'num_posts': 100, 'subreddits': ['bitcoin', 'cryptocurrency', 'cryptocurrencytrading', 'cryptomarkets'], 'tz': 'utc'} -> 0be048f9d49beba353b6f4d844b0a120.csv
2025-08-18 13:13:23,887 | INFO | src.scraping.reddit_scraper | Fetching Reddit posts with query='(bitcoin OR BTC)', limit=100, subs=['CryptoCurrency', 'CryptoCurrencyTrading', 'CryptoMarkets', 'Bitcoin']
2025-08-18 13:13:27,209 | INFO | src.scraping.reddit_scraper | Fetched 100 posts for query='(bitcoin OR BTC)' from ['CryptoCurrency', 'CryptoCurrencyTrading', 'CryptoMarkets', 'Bitcoin']
2025-08-18 13:13:27,235 | INFO | src.utils.cache | CACHE MISS {'dataset': 'posts_twitter', 'coin': 'bitcoin', 'source': 'twitter', 'query': 'btc', 'start_date': '2025-07-19T11:13:23', 'end_date': '2025-08-18T11:13:23', 'num_posts': 100, 'tz': 'utc'} -> 256817b964aa1cf1018d13c6534fc2b3.csv
2025-08-18 13:14:20,359 | WARNING | root | News sentiment will not be included
2025-08-18 13:14:20,379 | INFO | src.utils.cache | CACHE MISS {'dataset': 'sentiment', 'coin': 'bitcoin', 'source': 'reddit', 'analyzer': 'vader', 'input_sha1': '3452c6b6471a2c3bc5aa8dadad5232ca3f30dd9b'} -> 73813c26b66429b056d6c3fa54d6cb7c.csv
2025-08-18 13:14:20,379 | INFO | src.utils.helpers | Loaded CSV from: data/bitcoin_reddit_posts.csv
2025-08-18 13:14:20,534 | INFO | src.sentiment.analyzer | Sentiment added using VADER. Saved to D:\Projects\Crypto-tracker\Crypto-sentiment-tracker\data\bitcoin_reddit_sentiment.csv. Total records: 100
2025-08-18 13:14:20,568 | INFO | src.utils.cache | CACHE MISS {'dataset': 'sentiment', 'coin': 'bitcoin', 'source': 'twitter', 'analyzer': 'vader', 'input_sha1': 'b52eabcb4b01afa98684eb7e8724a1c8dcbc9664'} -> b10206b1e5a20457a768818308d8013e.csv
2025-08-18 13:14:20,569 | INFO | src.utils.helpers | Loaded CSV from: data/bitcoin_twitter_posts.csv
2025-08-18 13:14:20,640 | INFO | src.sentiment.analyzer | Sentiment added using VADER. Saved to D:\Projects\Crypto-tracker\Crypto-sentiment-tracker\data\bitcoin_twitter_sentiment.csv. Total records: 100
2025-08-18 13:14:20,658 | INFO | src.utils.helpers | Loaded CSV from: D:\Projects\Crypto-tracker\Crypto-sentiment-tracker\data\bitcoin_reddit_sentiment.csv
2025-08-18 13:14:20,679 | INFO | src.utils.helpers | Loaded CSV from: D:\Projects\Crypto-tracker\Crypto-sentiment-tracker\data\bitcoin_twitter_sentiment.csv
2025-08-18 13:14:20,724 | INFO | src.utils.cache | CACHE MISS {'dataset': 'price', 'coin': 'bitcoin', 'days': 30} -> 54658b7381788874b7c464225255fae9.csv
2025-08-18 13:14:20,943 | INFO | src.utils.cache | CACHE MISS {'dataset': 'merged', 'coin': 'bitcoin', 'days': 30, 'analyzer': 'vader', 'posts_choice': 'all', 'depends_on': ['4ef18ecbca3d84a3be3204fa85b559e9d3a6f95c', 'e7225e4cf56f7630c49cd34a196391ec8318e8d3']} -> 7e30ada5219af3566389ac2390bbe89d.csv
2025-08-18 13:14:20,945 | INFO | src.utils.cache | CACHE MISS {'dataset': 'merged', 'coin': 'bitcoin', 'days': 30, 'analyzer': 'vader', 'posts_choice': 'all', 'depends_on': ['4ef18ecbca3d84a3be3204fa85b559e9d3a6f95c', 'e7225e4cf56f7630c49cd34a196391ec8318e8d3']} -> 7e30ada5219af3566389ac2390bbe89d.csv
2025-08-18 13:14:20,946 | INFO | src.utils.helpers | Loaded CSV from: data/combined_sentiment.csv
2025-08-18 13:14:20,953 | INFO | src.utils.helpers | Loaded CSV from: D:\Projects\Crypto-tracker\Crypto-sentiment-tracker\data\bitcoin_prices.csv
2025-08-18 13:14:21,045 | INFO | src.utils.helpers | Loaded CSV from: D:\Projects\Crypto-tracker\Crypto-sentiment-tracker\data\bitcoin_merged.csv
2025-08-18 13:14:21,098 | INFO | src.utils.cache | CACHE MISS {'dataset': 'features', 'coin': 'bitcoin', 'days': 30, 'analyzer': 'vader', 'posts_choice': 'all', 'depends_on': ['6ab4d6815d9543293d855e7ae4b538198229bb8e'], 'lag_min_s': -86400, 'lag_max_s': 86400, 'lag_step_s': 900, 'metric': 'pearson'} -> 4845c7869464497abf51d4196f95c7e1.csv
2025-08-18 13:14:21,631 | INFO | src.utils.helpers | Loaded CSV from: D:\Projects\Crypto-tracker\Crypto-sentiment-tracker\data\bitcoin_merged.csv
2025-08-18 13:14:21,641 | INFO | src.utils.cache | CACHE HIT 4845c7869464497abf51d4196f95c7e1.csv
2025-08-18 13:24:30,534 | INFO | src.utils.cache | CACHE MISS {'dataset': 'posts_reddit', 'coin': 'bitcoin', 'source': 'reddit', 'query': '(bitcoin or btc)', 'start_date': '2025-08-11T11:24:30', 'end_date': '2025-08-18T11:24:30', 'num_posts': 200, 'subreddits': ['bitcoin', 'cryptocurrency', 'cryptocurrencytrading', 'cryptomarkets'], 'tz': 'utc'} -> 2df308c938c002fcd3891741f36e78e5.csv
2025-08-18 13:24:30,537 | INFO | src.scraping.reddit_scraper | Fetching Reddit posts with query='(bitcoin OR BTC)', limit=200, subs=['CryptoCurrency', 'CryptoCurrencyTrading', 'CryptoMarkets', 'Bitcoin']
2025-08-18 13:24:34,817 | INFO | src.scraping.reddit_scraper | Fetched 200 posts for query='(bitcoin OR BTC)' from ['CryptoCurrency', 'CryptoCurrencyTrading', 'CryptoMarkets', 'Bitcoin']
2025-08-18 13:24:34,846 | INFO | src.utils.cache | CACHE MISS {'dataset': 'posts_twitter', 'coin': 'bitcoin', 'source': 'twitter', 'query': 'btc', 'start_date': '2025-08-11T11:24:30', 'end_date': '2025-08-18T11:24:30', 'num_posts': 200, 'tz': 'utc'} -> 9764f05c44e9ab3fe5e95cb1e30223a9.csv
2025-08-18 13:26:08,073 | WARNING | root | News sentiment will not be included
2025-08-18 13:26:08,091 | INFO | src.utils.cache | CACHE MISS {'dataset': 'sentiment', 'coin': 'bitcoin', 'source': 'reddit', 'analyzer': 'vader', 'input_sha1': 'b091f0de4943280a6c6ea3418a5e93e4230199c5'} -> 9749c3cb1fecb311e020467b6f70a0b4.csv
2025-08-18 13:26:08,092 | INFO | src.utils.helpers | Loaded CSV from: data/bitcoin_reddit_posts.csv
2025-08-18 13:26:08,307 | INFO | src.sentiment.analyzer | Sentiment added using VADER. Saved to D:\Projects\Crypto-tracker\Crypto-sentiment-tracker\data\bitcoin_reddit_sentiment.csv. Total records: 200
2025-08-18 13:26:08,338 | INFO | src.utils.cache | CACHE MISS {'dataset': 'sentiment', 'coin': 'bitcoin', 'source': 'twitter', 'analyzer': 'vader', 'input_sha1': 'c4058a6810884f01d5a0e640155fece1e23982ee'} -> d6fec6b68cb6af44a2f36c8eb69dba6f.csv
2025-08-18 13:26:08,339 | INFO | src.utils.helpers | Loaded CSV from: data/bitcoin_twitter_posts.csv
2025-08-18 13:26:08,442 | INFO | src.sentiment.analyzer | Sentiment added using VADER. Saved to D:\Projects\Crypto-tracker\Crypto-sentiment-tracker\data\bitcoin_twitter_sentiment.csv. Total records: 200
2025-08-18 13:26:08,457 | INFO | src.utils.helpers | Loaded CSV from: D:\Projects\Crypto-tracker\Crypto-sentiment-tracker\data\bitcoin_reddit_sentiment.csv
2025-08-18 13:26:08,480 | INFO | src.utils.helpers | Loaded CSV from: D:\Projects\Crypto-tracker\Crypto-sentiment-tracker\data\bitcoin_twitter_sentiment.csv
2025-08-18 13:26:08,520 | INFO | root | Combined counts by source: {'reddit': 200}
2025-08-18 13:26:08,530 | INFO | src.utils.cache | CACHE MISS {'dataset': 'price', 'coin': 'bitcoin', 'days': 7} -> 0a2b0f4e46d6fc6c16b077317f022599.csv
2025-08-18 13:26:08,913 | INFO | src.utils.cache | CACHE MISS {'dataset': 'merged', 'coin': 'bitcoin', 'days': 7, 'analyzer': 'vader', 'posts_choice': 'all', 'depends_on': ['8b023341c4b6e2a272addc7d13226064c7945295', 'a9afd3283f7fc197dbb39d5bd7a047683492bcaa']} -> 4cbdb05d2510424107337eadcc40c9bc.csv
2025-08-18 13:26:08,915 | INFO | src.utils.cache | CACHE MISS {'dataset': 'merged', 'coin': 'bitcoin', 'days': 7, 'analyzer': 'vader', 'posts_choice': 'all', 'depends_on': ['8b023341c4b6e2a272addc7d13226064c7945295', 'a9afd3283f7fc197dbb39d5bd7a047683492bcaa']} -> 4cbdb05d2510424107337eadcc40c9bc.csv
2025-08-18 13:26:08,915 | INFO | src.utils.helpers | Loaded CSV from: data/combined_sentiment.csv
2025-08-18 13:26:08,921 | INFO | src.utils.helpers | Loaded CSV from: D:\Projects\Crypto-tracker\Crypto-sentiment-tracker\data\bitcoin_prices.csv
2025-08-18 13:26:09,000 | INFO | src.utils.helpers | Loaded CSV from: D:\Projects\Crypto-tracker\Crypto-sentiment-tracker\data\bitcoin_merged.csv
2025-08-18 13:26:09,047 | INFO | src.utils.cache | CACHE MISS {'dataset': 'features', 'coin': 'bitcoin', 'days': 7, 'analyzer': 'vader', 'posts_choice': 'all', 'depends_on': ['f492bd99c0542d18ff1589628ae75ea26f77968d'], 'lag_min_s': -86400, 'lag_max_s': 86400, 'lag_step_s': 900, 'metric': 'pearson'} -> 142c731a0dff7e9d9765f136ef85e41e.csv
2025-08-18 13:26:09,419 | INFO | src.utils.helpers | Loaded CSV from: D:\Projects\Crypto-tracker\Crypto-sentiment-tracker\data\bitcoin_merged.csv
2025-08-18 13:26:09,429 | INFO | src.utils.cache | CACHE HIT 142c731a0dff7e9d9765f136ef85e41e.csv
2025-08-18 16:17:07,975 | INFO | src.utils.helpers | Loaded CSV from: D:\Projects\Crypto-tracker\Crypto-sentiment-tracker\data\bitcoin_merged.csv
2025-08-18 16:17:08,049 | INFO | src.utils.cache | CACHE HIT 142c731a0dff7e9d9765f136ef85e41e.csv
